# JRE version: Java(TM) SE Runtime Environment (7.0_60-b19) (build 1.7.0_60-b19)
# Java VM: Java HotSpot(TM) 64-Bit Server VM (24.60-b09 mixed mode windows-amd64 compressed oops)
Heap
 PSYoungGen      total 68096K, used 68096K [0x00000000eb100000, 0x00000000f4000000, 0x0000000100000000)
  eden space 65536K, 100% used [0x00000000eb100000,0x00000000ef100000,0x00000000ef100000)
  from space 2560K, 100% used [0x00000000ef100000,0x00000000ef380000,0x00000000ef380000)
  to   space 7680K, 57% used [0x00000000f3880000,0x00000000f3cd4010,0x00000000f4000000)
 ParOldGen       total 42496K, used 10596K [0x00000000c1400000, 0x00000000c3d80000, 0x00000000eb100000)
  object space 42496K, 24% used [0x00000000c1400000,0x00000000c1e59090,0x00000000c3d80000)
 PSPermGen       total 21504K, used 13035K [0x00000000bc200000, 0x00000000bd700000, 0x00000000c1400000)
  object space 21504K, 60% used [0x00000000bc200000,0x00000000bcebaef8,0x00000000bd700000)
GC Heap History (10 events):
Event: 1.617 GC heap after
Heap after GC invocations=1 (full 0):
 PSYoungGen      total 18944K, used 2544K [0x00000000eb100000, 0x00000000ed600000, 0x0000000100000000)
  eden space 16384K, 0% used [0x00000000eb100000,0x00000000eb100000,0x00000000ec100000)
  from space 2560K, 99% used [0x00000000ec100000,0x00000000ec37c288,0x00000000ec380000)
  to   space 2560K, 0% used [0x00000000ed380000,0x00000000ed380000,0x00000000ed600000)
 ParOldGen       total 42496K, used 443K [0x00000000c1400000, 0x00000000c3d80000, 0x00000000eb100000)
  object space 42496K, 1% used [0x00000000c1400000,0x00000000c146ece0,0x00000000c3d80000)
 PSPermGen       total 21504K, used 6636K [0x00000000bc200000, 0x00000000bd700000, 0x00000000c1400000)
  object space 21504K, 30% used [0x00000000bc200000,0x00000000bc87b208,0x00000000bd700000)
}
Event: 2.699 GC heap before
{Heap before GC invocations=2 (full 0):
 PSYoungGen      total 18944K, used 18928K [0x00000000eb100000, 0x00000000ed600000, 0x0000000100000000)
  eden space 16384K, 100% used [0x00000000eb100000,0x00000000ec100000,0x00000000ec100000)
  from space 2560K, 99% used [0x00000000ec100000,0x00000000ec37c288,0x00000000ec380000)
  to   space 2560K, 0% used [0x00000000ed380000,0x00000000ed380000,0x00000000ed600000)
 ParOldGen       total 42496K, used 443K [0x00000000c1400000, 0x00000000c3d80000, 0x00000000eb100000)
  object space 42496K, 1% used [0x00000000c1400000,0x00000000c146ece0,0x00000000c3d80000)
 PSPermGen       total 21504K, used 7679K [0x00000000bc200000, 0x00000000bd700000, 0x00000000c1400000)
  object space 21504K, 35% used [0x00000000bc200000,0x00000000bc97ff48,0x00000000bd700000)
Event: 2.717 GC heap after
Heap after GC invocations=2 (full 0):
 PSYoungGen      total 35328K, used 2537K [0x00000000eb100000, 0x00000000ed600000, 0x0000000100000000)
  eden space 32768K, 0% used [0x00000000eb100000,0x00000000eb100000,0x00000000ed100000)
  from space 2560K, 99% used [0x00000000ed380000,0x00000000ed5fa408,0x00000000ed600000)
  to   space 2560K, 0% used [0x00000000ed100000,0x00000000ed100000,0x00000000ed380000)
 ParOldGen       total 42496K, used 504K [0x00000000c1400000, 0x00000000c3d80000, 0x00000000eb100000)
  object space 42496K, 1% used [0x00000000c1400000,0x00000000c147e170,0x00000000c3d80000)
 PSPermGen       total 21504K, used 7679K [0x00000000bc200000, 0x00000000bd700000, 0x00000000c1400000)
  object space 21504K, 35% used [0x00000000bc200000,0x00000000bc97ff48,0x00000000bd700000)
}
Event: 5.648 GC heap before
{Heap before GC invocations=3 (full 0):
 PSYoungGen      total 35328K, used 35305K [0x00000000eb100000, 0x00000000ed600000, 0x0000000100000000)
  eden space 32768K, 100% used [0x00000000eb100000,0x00000000ed100000,0x00000000ed100000)
  from space 2560K, 99% used [0x00000000ed380000,0x00000000ed5fa408,0x00000000ed600000)
  to   space 2560K, 0% used [0x00000000ed100000,0x00000000ed100000,0x00000000ed380000)
 ParOldGen       total 42496K, used 504K [0x00000000c1400000, 0x00000000c3d80000, 0x00000000eb100000)
  object space 42496K, 1% used [0x00000000c1400000,0x00000000c147e170,0x00000000c3d80000)
 PSPermGen       total 21504K, used 11942K [0x00000000bc200000, 0x00000000bd700000, 0x00000000c1400000)
  object space 21504K, 55% used [0x00000000bc200000,0x00000000bcda9888,0x00000000bd700000)
Event: 5.698 GC heap after
Heap after GC invocations=3 (full 0):
 PSYoungGen      total 35328K, used 2544K [0x00000000eb100000, 0x00000000ef600000, 0x0000000100000000)
  eden space 32768K, 0% used [0x00000000eb100000,0x00000000eb100000,0x00000000ed100000)
  from space 2560K, 99% used [0x00000000ed100000,0x00000000ed37c010,0x00000000ed380000)
  to   space 2560K, 0% used [0x00000000ef380000,0x00000000ef380000,0x00000000ef600000)
 ParOldGen       total 42496K, used 4726K [0x00000000c1400000, 0x00000000c3d80000, 0x00000000eb100000)
  object space 42496K, 11% used [0x00000000c1400000,0x00000000c189db20,0x00000000c3d80000)
 PSPermGen       total 21504K, used 11942K [0x00000000bc200000, 0x00000000bd700000, 0x00000000c1400000)
  object space 21504K, 55% used [0x00000000bc200000,0x00000000bcda9888,0x00000000bd700000)
}
Event: 7.051 GC heap before
{Heap before GC invocations=4 (full 0):
 PSYoungGen      total 35328K, used 35312K [0x00000000eb100000, 0x00000000ef600000, 0x0000000100000000)
  eden space 32768K, 100% used [0x00000000eb100000,0x00000000ed100000,0x00000000ed100000)
  from space 2560K, 99% used [0x00000000ed100000,0x00000000ed37c010,0x00000000ed380000)
  to   space 2560K, 0% used [0x00000000ef380000,0x00000000ef380000,0x00000000ef600000)
 ParOldGen       total 42496K, used 4726K [0x00000000c1400000, 0x00000000c3d80000, 0x00000000eb100000)
  object space 42496K, 11% used [0x00000000c1400000,0x00000000c189db20,0x00000000c3d80000)
 PSPermGen       total 21504K, used 12240K [0x00000000bc200000, 0x00000000bd700000, 0x00000000c1400000)
  object space 21504K, 56% used [0x00000000bc200000,0x00000000bcdf4148,0x00000000bd700000)
Event: 7.069 GC heap after
Heap after GC invocations=4 (full 0):
 PSYoungGen      total 68096K, used 2528K [0x00000000eb100000, 0x00000000ef600000, 0x0000000100000000)
  eden space 65536K, 0% used [0x00000000eb100000,0x00000000eb100000,0x00000000ef100000)
  from space 2560K, 98% used [0x00000000ef380000,0x00000000ef5f8020,0x00000000ef600000)
  to   space 2560K, 0% used [0x00000000ef100000,0x00000000ef100000,0x00000000ef380000)
 ParOldGen       total 42496K, used 7104K [0x00000000c1400000, 0x00000000c3d80000, 0x00000000eb100000)
  object space 42496K, 16% used [0x00000000c1400000,0x00000000c1af0080,0x00000000c3d80000)
 PSPermGen       total 21504K, used 12240K [0x00000000bc200000, 0x00000000bd700000, 0x00000000c1400000)
  object space 21504K, 56% used [0x00000000bc200000,0x00000000bcdf4148,0x00000000bd700000)
}
Event: 7.929 GC heap before
{Heap before GC invocations=5 (full 0):
 PSYoungGen      total 68096K, used 68064K [0x00000000eb100000, 0x00000000ef600000, 0x0000000100000000)
  eden space 65536K, 100% used [0x00000000eb100000,0x00000000ef100000,0x00000000ef100000)
  from space 2560K, 98% used [0x00000000ef380000,0x00000000ef5f8020,0x00000000ef600000)
  to   space 2560K, 0% used [0x00000000ef100000,0x00000000ef100000,0x00000000ef380000)
 ParOldGen       total 42496K, used 7104K [0x00000000c1400000, 0x00000000c3d80000, 0x00000000eb100000)
  object space 42496K, 16% used [0x00000000c1400000,0x00000000c1af0080,0x00000000c3d80000)
 PSPermGen       total 21504K, used 12369K [0x00000000bc200000, 0x00000000bd700000, 0x00000000c1400000)
  object space 21504K, 57% used [0x00000000bc200000,0x00000000bce14498,0x00000000bd700000)
Event: 7.947 GC heap after
Heap after GC invocations=5 (full 0):
 PSYoungGen      total 68096K, used 2560K [0x00000000eb100000, 0x00000000f4000000, 0x0000000100000000)
  eden space 65536K, 0% used [0x00000000eb100000,0x00000000eb100000,0x00000000ef100000)
  from space 2560K, 100% used [0x00000000ef100000,0x00000000ef380000,0x00000000ef380000)
  to   space 7680K, 0% used [0x00000000f3880000,0x00000000f3880000,0x00000000f4000000)
 ParOldGen       total 42496K, used 10588K [0x00000000c1400000, 0x00000000c3d80000, 0x00000000eb100000)
  object space 42496K, 24% used [0x00000000c1400000,0x00000000c1e57090,0x00000000c3d80000)
 PSPermGen       total 21504K, used 12369K [0x00000000bc200000, 0x00000000bd700000, 0x00000000c1400000)
  object space 21504K, 57% used [0x00000000bc200000,0x00000000bce14498,0x00000000bd700000)
}
Event: 90.006 GC heap before
{Heap before GC invocations=6 (full 0):
 PSYoungGen      total 68096K, used 68096K [0x00000000eb100000, 0x00000000f4000000, 0x0000000100000000)
  eden space 65536K, 100% used [0x00000000eb100000,0x00000000ef100000,0x00000000ef100000)
  from space 2560K, 100% used [0x00000000ef100000,0x00000000ef380000,0x00000000ef380000)
  to   space 7680K, 0% used [0x00000000f3880000,0x00000000f3880000,0x00000000f4000000)
 ParOldGen       total 42496K, used 10588K [0x00000000c1400000, 0x00000000c3d80000, 0x00000000eb100000)
  object space 42496K, 24% used [0x00000000c1400000,0x00000000c1e57090,0x00000000c3d80000)
 PSPermGen       total 21504K, used 13035K [0x00000000bc200000, 0x00000000bd700000, 0x00000000c1400000)
  object space 21504K, 60% used [0x00000000bc200000,0x00000000bcebaef8,0x00000000bd700000)

